<?xml version="1.0" encoding="UTF-8"?>
<!-- Generated by org.testng.reporters.JUnitReportReporter -->
<testsuite hostname="aapna-lap-122" failures="0" tests="2" name="testcases.CarLoanTest" time="0.006" errors="0" timestamp="21 Apr 2023 10:57:09 GMT" skipped="0">
  <testcase classname="testcases.CarLoanTest" name="test4" time="0.004"/>
  <testcase classname="testcases.CarLoanTest" name="test3" time="0.002"/>
</testsuite> <!-- testcases.CarLoanTest -->
